<?xml version="1.0" encoding="UTF-8"?>
<!-- Generated by org.testng.reporters.JUnitReportReporter -->
<testsuite hostname="DESKTOP-HT6H0OU" failures="0" tests="2" name="Tests.StandaloneTest" time="124.183" errors="0" timestamp="2024-12-29T18:39:28 IST" skipped="0">
  <testcase classname="Tests.StandaloneTest" name="launchApplication" time="65.648"/>
  <system-out/>
  <testcase classname="Tests.StandaloneTest" name="launchApplication" time="58.535"/>
  <system-out/>
</testsuite> <!-- Tests.StandaloneTest -->
